<?xml version="1.0" encoding="UTF-8"?>
<testng-results ignored="55" total="56" passed="1" failed="0" skipped="0">
  <reporter-output>
  </reporter-output>
  <suite started-at="2023-10-12T11:31:54 IST" name="Default suite" finished-at="2023-10-12T11:31:54 IST" duration-ms="129">
    <groups>
    </groups>
    <test started-at="2023-10-12T11:31:54 IST" name="Default test" finished-at="2023-10-12T11:31:54 IST" duration-ms="129">
      <class name="JavaProgs97.Programs97">
        <test-method signature="pg_61()[pri:0, instance:JavaProgs97.Programs97@1ed4ae0f]" started-at="2023-10-12T11:31:54 IST" name="pg_61" finished-at="2023-10-12T11:31:54 IST" duration-ms="18" status="PASS">
          <reporter-output>
          </reporter-output>
        </test-method> <!-- pg_61 -->
      </class> <!-- JavaProgs97.Programs97 -->
    </test> <!-- Default test -->
  </suite> <!-- Default suite -->
</testng-results>
