<?xml version="1.0" encoding="UTF-8"?>
<!-- Generated by org.testng.reporters.JUnitXMLReporter -->
<testsuite ignored="55" hostname="DESKTOP-E6GEFDQ" failures="0" tests="1" name="Default test" time="0.129" errors="0" timestamp="2023-10-12T11:31:54 IST">
  <testcase classname="JavaProgs97.Programs97" name="pg_61" time="0.018"/>
  <testcase classname="JavaProgs97.Programs97" name="pg_09" time="0.0">
    <ignored/>
  </testcase> <!-- pg_09 -->
  <testcase classname="JavaProgs97.Programs97" name="pg_78_79_82" time="0.0">
    <ignored/>
  </testcase> <!-- pg_78_79_82 -->
  <testcase classname="JavaProgs97.Programs97" name="pg_20" time="0.0">
    <ignored/>
  </testcase> <!-- pg_20 -->
  <testcase classname="JavaProgs97.Programs97" name="pg_94" time="0.0">
    <ignored/>
  </testcase> <!-- pg_94 -->
  <testcase classname="JavaProgs97.Programs97" name="pg_50" time="0.0">
    <ignored/>
  </testcase> <!-- pg_50 -->
  <testcase classname="JavaProgs97.Programs97" name="pg_30" time="0.0">
    <ignored/>
  </testcase> <!-- pg_30 -->
  <testcase classname="JavaProgs97.Programs97" name="pg_74" time="0.0">
    <ignored/>
  </testcase> <!-- pg_74 -->
  <testcase classname="JavaProgs97.Programs97" name="pg_84" time="0.0">
    <ignored/>
  </testcase> <!-- pg_84 -->
  <testcase classname="JavaProgs97.Programs97" name="pg_10" time="0.0">
    <ignored/>
  </testcase> <!-- pg_10 -->
  <testcase classname="JavaProgs97.Programs97" name="pg_54" time="0.0">
    <ignored/>
  </testcase> <!-- pg_54 -->
  <testcase classname="JavaProgs97.Programs97" name="pg_34" time="0.0">
    <ignored/>
  </testcase> <!-- pg_34 -->
  <testcase classname="JavaProgs97.Programs97" name="pg_14" time="0.0">
    <ignored/>
  </testcase> <!-- pg_14 -->
  <testcase classname="JavaProgs97.Programs97" name="pg_58" time="0.0">
    <ignored/>
  </testcase> <!-- pg_58 -->
  <testcase classname="JavaProgs97.Programs97" name="pg_68" time="0.0">
    <ignored/>
  </testcase> <!-- pg_68 -->
  <testcase classname="JavaProgs97.Programs97" name="pg_24" time="0.0">
    <ignored/>
  </testcase> <!-- pg_24 -->
  <testcase classname="JavaProgs97.Programs97" name="pg_08" time="0.0">
    <ignored/>
  </testcase> <!-- pg_08 -->
  <testcase classname="JavaProgs97.Programs97" name="pg_97" time="0.0">
    <ignored/>
  </testcase> <!-- pg_97 -->
  <testcase classname="JavaProgs97.Programs97" name="pg_53" time="0.0">
    <ignored/>
  </testcase> <!-- pg_53 -->
  <testcase classname="JavaProgs97.Programs97" name="pg_01Another" time="0.0">
    <ignored/>
  </testcase> <!-- pg_01Another -->
  <testcase classname="JavaProgs97.Programs97" name="pg_17" time="0.0">
    <ignored/>
  </testcase> <!-- pg_17 -->
  <testcase classname="JavaProgs97.Programs97" name="pg_83" time="0.0">
    <ignored/>
  </testcase> <!-- pg_83 -->
  <testcase classname="JavaProgs97.Programs97" name="pg_93" time="0.0">
    <ignored/>
  </testcase> <!-- pg_93 -->
  <testcase classname="JavaProgs97.Programs97" name="pg_73" time="0.0">
    <ignored/>
  </testcase> <!-- pg_73 -->
  <testcase classname="JavaProgs97.Programs97" name="pg_87" time="0.0">
    <ignored/>
  </testcase> <!-- pg_87 -->
  <testcase classname="JavaProgs97.Programs97" name="pg_43" time="0.0">
    <ignored/>
  </testcase> <!-- pg_43 -->
  <testcase classname="JavaProgs97.Programs97" name="pg_67" time="0.0">
    <ignored/>
  </testcase> <!-- pg_67 -->
  <testcase classname="JavaProgs97.Programs97" name="pg_33" time="0.0">
    <ignored/>
  </testcase> <!-- pg_33 -->
  <testcase classname="JavaProgs97.Programs97" name="pg_77" time="0.0">
    <ignored/>
  </testcase> <!-- pg_77 -->
  <testcase classname="JavaProgs97.Programs97" name="pg_03" time="0.0">
    <ignored/>
  </testcase> <!-- pg_03 -->
  <testcase classname="JavaProgs97.Programs97" name="pg_47" time="0.0">
    <ignored/>
  </testcase> <!-- pg_47 -->
  <testcase classname="JavaProgs97.Programs97" name="pg_57" time="0.0">
    <ignored/>
  </testcase> <!-- pg_57 -->
  <testcase classname="JavaProgs97.Programs97" name="pg_37" time="0.0">
    <ignored/>
  </testcase> <!-- pg_37 -->
  <testcase classname="JavaProgs97.Programs97" name="pg_07" time="0.0">
    <ignored/>
  </testcase> <!-- pg_07 -->
  <testcase classname="JavaProgs97.Programs97" name="pg_86" time="0.0">
    <ignored/>
  </testcase> <!-- pg_86 -->
  <testcase classname="JavaProgs97.Programs97" name="pg_72" time="0.0">
    <ignored/>
  </testcase> <!-- pg_72 -->
  <testcase classname="JavaProgs97.Programs97" name="pg_22_And_23" time="0.0">
    <ignored/>
  </testcase> <!-- pg_22_And_23 -->
  <testcase classname="JavaProgs97.Programs97" name="pg_52" time="0.0">
    <ignored/>
  </testcase> <!-- pg_52 -->
  <testcase classname="JavaProgs97.Programs97" name="pg_25_printRemainingnosinArray" time="0.0">
    <ignored/>
  </testcase> <!-- pg_25_printRemainingnosinArray -->
  <testcase classname="JavaProgs97.Programs97" name="pg_36" time="0.0">
    <ignored/>
  </testcase> <!-- pg_36 -->
  <testcase classname="JavaProgs97.Programs97" name="pg_02" time="0.0">
    <ignored/>
  </testcase> <!-- pg_02 -->
  <testcase classname="JavaProgs97.Programs97" name="pg_26" time="0.0">
    <ignored/>
  </testcase> <!-- pg_26 -->
  <testcase classname="JavaProgs97.Programs97" name="eg" time="0.0">
    <ignored/>
  </testcase> <!-- eg -->
  <testcase classname="JavaProgs97.Programs97" name="pg_75" time="0.0">
    <ignored/>
  </testcase> <!-- pg_75 -->
  <testcase classname="JavaProgs97.Programs97" name="pg_05_1" time="0.0">
    <ignored/>
  </testcase> <!-- pg_05_1 -->
  <testcase classname="JavaProgs97.Programs97" name="STR" time="0.0">
    <ignored/>
  </testcase> <!-- STR -->
  <testcase classname="JavaProgs97.Programs97" name="pg_91" time="0.0">
    <ignored/>
  </testcase> <!-- pg_91 -->
  <testcase classname="JavaProgs97.Programs97" name="pg_41" time="0.0">
    <ignored/>
  </testcase> <!-- pg_41 -->
  <testcase classname="JavaProgs97.Programs97" name="pg_95" time="0.0">
    <ignored/>
  </testcase> <!-- pg_95 -->
  <testcase classname="JavaProgs97.Programs97" name="pg_21" time="0.0">
    <ignored/>
  </testcase> <!-- pg_21 -->
  <testcase classname="JavaProgs97.Programs97" name="pg_65" time="0.0">
    <ignored/>
  </testcase> <!-- pg_65 -->
  <testcase classname="JavaProgs97.Programs97" name="pg_01" time="0.0">
    <ignored/>
  </testcase> <!-- pg_01 -->
  <testcase classname="JavaProgs97.Programs97" name="pg_89" time="0.0">
    <ignored/>
  </testcase> <!-- pg_89 -->
  <testcase classname="JavaProgs97.Programs97" name="pg_05" time="0.0">
    <ignored/>
  </testcase> <!-- pg_05 -->
  <testcase classname="JavaProgs97.Programs97" name="pg_49" time="0.0">
    <ignored/>
  </testcase> <!-- pg_49 -->
  <testcase classname="JavaProgs97.Programs97" name="pg_15" time="0.0">
    <ignored/>
  </testcase> <!-- pg_15 -->
</testsuite> <!-- Default test -->
